<?xml version="1.0" encoding="UTF-8"?>
<!-- Generated by org.testng.reporters.JUnitReportReporter -->
<testsuite hostname="DESKTOP-51TFMGQ" failures="0" tests="1" name="com.java.tests.LoginTest" time="11.683" errors="0" timestamp="20 Aug 2025 12:22:52 GMT" skipped="0">
  <testcase classname="com.java.tests.LoginTest" name="testValidLogin" time="11.683"/>
</testsuite> <!-- com.java.tests.LoginTest -->
