<?xml version="1.0" encoding="UTF-8"?>
<!-- Generated by org.testng.reporters.JUnitReportReporter -->
<testsuite hostname="DESKTOP-51TFMGQ" failures="0" tests="1" name="com.java.tests.LoginTest" time="19.778" errors="0" timestamp="21 Aug 2025 03:28:21 GMT" skipped="0">
  <testcase classname="com.java.tests.LoginTest" name="testValidLogin" time="19.778"/>
</testsuite> <!-- com.java.tests.LoginTest -->
